<?xml version="1.0" encoding="UTF-8"?>
<!-- Generated by org.testng.reporters.JUnitReportReporter -->
<testsuite hostname="DESKTOP-0PUNEVH" failures="0" tests="1" name="cucumberOptions.FailedTestNGTestRunner" time="38.235" errors="0" timestamp="2022-03-15T20:39:35 IST" skipped="0">
  <testcase classname="cucumberOptions.FailedTestNGTestRunner" name="runScenario" time="38.235"/>
  <system-out/>
</testsuite> <!-- cucumberOptions.FailedTestNGTestRunner -->
