<?xml version="1.0" encoding="UTF-8"?>
<!-- Generated by org.testng.reporters.JUnitReportReporter -->
<testsuite hostname="DESKTOP-0PUNEVH" failures="0" tests="2" name="cucumberOptions.TestNGTestRunner" time="122.206" errors="0" timestamp="2022-03-14T23:25:55 IST" skipped="0">
  <testcase classname="cucumberOptions.TestNGTestRunner" name="runScenario" time="91.126"/>
  <system-out/>
  <testcase classname="cucumberOptions.TestNGTestRunner" name="runScenario" time="31.080"/>
  <system-out/>
</testsuite> <!-- cucumberOptions.TestNGTestRunner -->
