<?xml version="1.0" encoding="UTF-8"?>
<!-- Generated by org.testng.reporters.JUnitReportReporter -->
<testsuite hostname="DESKTOP-0PUNEVH" failures="0" tests="2" name="cucumberOptions.TestNGTestRunner" time="95.443" errors="0" timestamp="2022-03-11T19:52:16 IST" skipped="0">
  <testcase classname="cucumberOptions.TestNGTestRunner" name="runScenario" time="34.398"/>
  <system-out/>
  <testcase classname="cucumberOptions.TestNGTestRunner" name="runScenario" time="61.045"/>
  <system-out/>
</testsuite> <!-- cucumberOptions.TestNGTestRunner -->
