<?xml version="1.0" encoding="UTF-8"?>
<!-- Generated by org.testng.reporters.JUnitReportReporter -->
<testsuite hostname="DESKTOP-0PUNEVH" failures="0" tests="1" name="cucumberOptions.TestNGTestRunner" time="102.491" errors="1" timestamp="2022-03-11T15:33:28 IST" skipped="0">
  <testcase classname="cucumberOptions.TestNGTestRunner" name="runScenario" time="102.491">
    <error message="Cannot invoke &quot;String.indexOf(String)&quot; because &quot;order_confirmation_text&quot; is null" type="java.lang.NullPointerException">
      <![CDATA[java.lang.NullPointerException: Cannot invoke "String.indexOf(String)" because "order_confirmation_text" is null
at pageObjects.CheckoutPage.get_Order_Confirmation_Reference_Id(CheckoutPage.java:196)
at stepDefinations.CheckOutPageStepDefination.click_on_proceed_to_checkout_button_and_complete_check_out_process(CheckOutPageStepDefination.java:74)
at âœ½.click on proceed to checkout button and complete check out process(file:///D:/OfficeProject/Automation_Practice/automationpractice_Assingment/src/test/resources/feature/OrderTshartandUpdateFirstName.feature:14)
]]>
    </error>
  </testcase> <!-- runScenario -->
  <system-out/>
</testsuite> <!-- cucumberOptions.TestNGTestRunner -->
