<?xml version="1.0" encoding="UTF-8"?>
<!-- Generated by org.testng.reporters.JUnitReportReporter -->
<testsuite hostname="DESKTOP-0PUNEVH" failures="0" tests="2" name="cucumberOptions.TestNGTestRunner" time="94.514" errors="0" timestamp="2022-03-16T11:11:27 IST" skipped="0">
  <testcase classname="cucumberOptions.TestNGTestRunner" name="runScenario" time="29.173"/>
  <system-out/>
  <testcase classname="cucumberOptions.TestNGTestRunner" name="runScenario" time="65.341"/>
  <system-out/>
</testsuite> <!-- cucumberOptions.TestNGTestRunner -->
