<?xml version="1.0" encoding="UTF-8"?>
<!-- Generated by org.testng.reporters.JUnitReportReporter -->
<testsuite hostname="DESKTOP-0PUNEVH" failures="0" tests="2" name="cucumberOptions.TestNGTestRunner" time="162.366" errors="0" timestamp="2022-03-11T20:31:12 IST" skipped="0">
  <testcase classname="cucumberOptions.TestNGTestRunner" name="runScenario" time="124.935"/>
  <system-out/>
  <testcase classname="cucumberOptions.TestNGTestRunner" name="runScenario" time="37.431"/>
  <system-out/>
</testsuite> <!-- cucumberOptions.TestNGTestRunner -->
