<?xml version="1.0" encoding="UTF-8"?>
<!-- Generated by org.testng.reporters.JUnitReportReporter -->
<testsuite hostname="DESKTOP-0PUNEVH" failures="0" tests="2" name="cucumberOptions.TestNGTestRunner" time="86.325" errors="0" timestamp="2022-03-11T18:40:32 IST" skipped="0">
  <testcase classname="cucumberOptions.TestNGTestRunner" name="runScenario" time="26.305"/>
  <system-out/>
  <testcase classname="cucumberOptions.TestNGTestRunner" name="runScenario" time="60.020"/>
  <system-out/>
</testsuite> <!-- cucumberOptions.TestNGTestRunner -->
